2025-05-07 07:41:00 | WARN | repo=a4m36jee-2014 | action=pull
2025-01-05 17:15:00 | INFO | repo=a4m36jee-2014 | action=commit
2025-03-09 10:51:00 | DEBUG | repo=a4m36jee-2014 | action=commit
2025-05-12 19:55:00 | DEBUG | repo=a4m36jee-2014 | action=commit
2025-11-04 21:58:00 | INFO | repo=a4m36jee-2014 | action=commit
2025-08-20 20:35:00 | WARN | repo=a4m36jee-2014 | action=edit | files=3
2025-12-25 19:47:00 | DEBUG | repo=a4m36jee-2014 | action=commit
2025-10-06 12:36:00 | INFO | repo=a4m36jee-2014 | action=pull
2025-09-13 18:40:00 | INFO | repo=a4m36jee-2014 | action=commit
2025-12-13 20:33:00 | WARN | repo=a4m36jee-2014 | action=test | passed=true
2025-03-04 12:46:00 | WARN | repo=a4m36jee-2014 | action=commit
2025-08-13 12:21:00 | DEBUG | repo=a4m36jee-2014 | action=pull
2025-03-02 09:58:00 | DEBUG | repo=a4m36jee-2014 | action=commit
2025-02-09 14:44:00 | DEBUG | repo=a4m36jee-2014 | action=pull
2025-02-04 07:03:00 | INFO | repo=a4m36jee-2014 | action=commit
2025-05-03 09:27:00 | DEBUG | repo=a4m36jee-2014 | action=commit
2025-07-06 13:34:00 | INFO | repo=a4m36jee-2014 | action=commit
2025-08-10 08:12:00 | WARN | repo=a4m36jee-2014 | action=test | passed=true
2025-07-20 07:20:00 | DEBUG | repo=a4m36jee-2014 | action=commit
2025-11-12 08:00:00 | INFO | repo=a4m36jee-2014 | action=commit
2025-04-15 19:16:00 | WARN | repo=a4m36jee-2014 | action=edit | files=5
2025-09-07 17:28:00 | DEBUG | repo=a4m36jee-2014 | action=commit
2025-08-22 07:26:00 | INFO | repo=a4m36jee-2014 | action=commit
2025-03-10 07:30:00 | DEBUG | repo=a4m36jee-2014 | action=test | passed=true
2025-01-12 18:14:00 | WARN | repo=a4m36jee-2014 | action=commit
2025-12-20 19:19:00 | DEBUG | repo=a4m36jee-2014 | action=commit
2025-03-13 11:40:00 | INFO | repo=a4m36jee-2014 | action=commit
2025-03-10 14:36:00 | INFO | repo=a4m36jee-2014 | action=commit
2025-03-02 08:30:00 | DEBUG | repo=a4m36jee-2014 | action=commit
2025-11-25 17:56:00 | INFO | repo=a4m36jee-2014 | action=commit
2025-01-06 07:31:00 | DEBUG | repo=a4m36jee-2014 | action=commit
2025-04-06 14:00:00 | DEBUG | repo=a4m36jee-2014 | action=edit | files=1
2025-10-19 16:35:00 | WARN | repo=a4m36jee-2014 | action=commit
2025-11-15 10:42:00 | DEBUG | repo=a4m36jee-2014 | action=commit
2025-04-12 10:43:00 | DEBUG | repo=a4m36jee-2014 | action=pull
2025-02-20 21:34:00 | DEBUG | repo=a4m36jee-2014 | action=commit
2025-01-07 21:09:00 | WARN | repo=a4m36jee-2014 | action=commit
2025-10-08 07:47:00 | INFO | repo=a4m36jee-2014 | action=commit
2025-12-07 18:17:00 | WARN | repo=a4m36jee-2014 | action=test | passed=true
2025-07-02 21:21:00 | INFO | repo=a4m36jee-2014 | action=commit
2025-12-04 14:14:00 | WARN | repo=a4m36jee-2014 | action=commit
2025-07-21 18:36:00 | WARN | repo=a4m36jee-2014 | action=test | passed=true
2025-08-26 11:20:00 | DEBUG | repo=a4m36jee-2014 | action=commit
2025-12-08 10:29:00 | DEBUG | repo=a4m36jee-2014 | action=commit
2025-07-13 18:43:00 | WARN | repo=a4m36jee-2014 | action=commit
2025-01-13 10:44:00 | INFO | repo=a4m36jee-2014 | action=commit
2025-12-07 14:06:00 | WARN | repo=a4m36jee-2014 | action=test | passed=true
2025-01-17 18:47:00 | WARN | repo=a4m36jee-2014 | action=commit
2025-03-12 07:54:00 | DEBUG | repo=a4m36jee-2014 | action=commit
2025-06-07 16:20:00 | WARN | repo=a4m36jee-2014 | action=commit
2025-07-06 08:15:00 | DEBUG | repo=a4m36jee-2014 | action=commit
2025-10-09 17:23:00 | DEBUG | repo=a4m36jee-2014 | action=commit
2025-06-03 12:33:00 | WARN | repo=a4m36jee-2014 | action=test | passed=true
2025-01-12 07:31:00 | INFO | repo=a4m36jee-2014 | action=commit
2025-01-26 13:16:00 | DEBUG | repo=a4m36jee-2014 | action=commit
2025-09-14 07:14:00 | DEBUG | repo=a4m36jee-2014 | action=pull
2025-12-18 18:08:00 | INFO | repo=a4m36jee-2014 | action=commit
2025-08-20 21:57:00 | DEBUG | repo=a4m36jee-2014 | action=commit
2025-04-16 09:24:00 | DEBUG | repo=a4m36jee-2014 | action=commit
2025-11-05 14:21:00 | DEBUG | repo=a4m36jee-2014 | action=test | passed=true
2025-06-06 21:44:00 | DEBUG | repo=a4m36jee-2014 | action=commit
2025-09-08 13:52:00 | WARN | repo=a4m36jee-2014 | action=commit
2025-05-26 13:43:00 | DEBUG | repo=a4m36jee-2014 | action=edit | files=1
2025-03-25 18:33:00 | INFO | repo=a4m36jee-2014 | action=test | passed=true
2025-12-17 12:03:00 | INFO | repo=a4m36jee-2014 | action=commit
2025-08-12 07:17:00 | DEBUG | repo=a4m36jee-2014 | action=commit
2025-07-14 07:24:00 | DEBUG | repo=a4m36jee-2014 | action=commit
2025-03-15 15:13:00 | INFO | repo=a4m36jee-2014 | action=commit
2025-02-06 08:20:00 | INFO | repo=a4m36jee-2014 | action=commit
2025-12-27 21:19:00 | DEBUG | repo=a4m36jee-2014 | action=commit
2025-12-09 13:11:00 | WARN | repo=a4m36jee-2014 | action=commit
2025-03-12 15:39:00 | DEBUG | repo=a4m36jee-2014 | action=edit | files=2
2025-01-20 17:11:00 | DEBUG | repo=a4m36jee-2014 | action=test | passed=true
2025-04-24 15:08:00 | DEBUG | repo=a4m36jee-2014 | action=commit
2025-01-04 20:09:00 | DEBUG | repo=a4m36jee-2014 | action=commit
2025-01-22 19:40:00 | INFO | repo=a4m36jee-2014 | action=commit
2025-03-02 15:20:00 | WARN | repo=a4m36jee-2014 | action=commit
2025-12-07 09:35:00 | WARN | repo=a4m36jee-2014 | action=pull
2025-11-10 15:30:00 | DEBUG | repo=a4m36jee-2014 | action=commit
2025-06-20 17:44:00 | DEBUG | repo=a4m36jee-2014 | action=commit
2025-09-12 09:15:00 | WARN | repo=a4m36jee-2014 | action=commit
2025-04-13 16:50:00 | INFO | repo=a4m36jee-2014 | action=commit
2025-04-01 20:43:00 | DEBUG | repo=a4m36jee-2014 | action=commit
2025-01-28 09:10:00 | WARN | repo=a4m36jee-2014 | action=commit
2025-08-15 08:55:00 | INFO | repo=a4m36jee-2014 | action=commit
2025-07-03 13:39:00 | WARN | repo=a4m36jee-2014 | action=test | passed=true
2025-09-18 10:29:00 | INFO | repo=a4m36jee-2014 | action=commit
